<?xml version="1.0" encoding="UTF-8" ?>
<testsuites name="vitest tests" tests="24" failures="0" errors="0" time="1.1937319">
    <testsuite name="app_testcases/App.test.tsx" timestamp="2026-02-28T12:09:34.604Z" hostname="Gangasai_kumar" tests="6" failures="0" errors="0" skipped="0" time="1.1717311">
        <testcase classname="app_testcases/App.test.tsx" name="App Component &gt; renders the calculator display" time="0.4770546">
        </testcase>
        <testcase classname="app_testcases/App.test.tsx" name="App Component &gt; updates display when number buttons are clicked" time="0.1471053">
        </testcase>
        <testcase classname="app_testcases/App.test.tsx" name="App Component &gt; performs addition correctly" time="0.1698034">
        </testcase>
        <testcase classname="app_testcases/App.test.tsx" name="App Component &gt; clears the display when AC is clicked" time="0.0916761">
        </testcase>
        <testcase classname="app_testcases/App.test.tsx" name="App Component &gt; deletes the last character when DEL is clicked" time="0.1106633">
        </testcase>
        <testcase classname="app_testcases/App.test.tsx" name="App Component &gt; shows Error for invalid expressions" time="0.170346">
        </testcase>
    </testsuite>
    <testsuite name="app_testcases/calculator.test.ts" timestamp="2026-02-28T12:09:34.611Z" hostname="Gangasai_kumar" tests="10" failures="0" errors="0" skipped="0" time="0.0113314">
        <testcase classname="app_testcases/calculator.test.ts" name="calculator logic &gt; should handle basic addition" time="0.0040266">
        </testcase>
        <testcase classname="app_testcases/calculator.test.ts" name="calculator logic &gt; should handle subtraction" time="0.0005108">
        </testcase>
        <testcase classname="app_testcases/calculator.test.ts" name="calculator logic &gt; should handle multiplication" time="0.0003805">
        </testcase>
        <testcase classname="app_testcases/calculator.test.ts" name="calculator logic &gt; should handle division" time="0.0003408">
        </testcase>
        <testcase classname="app_testcases/calculator.test.ts" name="calculator logic &gt; should handle percentage" time="0.0003591">
        </testcase>
        <testcase classname="app_testcases/calculator.test.ts" name="calculator logic &gt; should clear the output on AC" time="0.0002736">
        </testcase>
        <testcase classname="app_testcases/calculator.test.ts" name="calculator logic &gt; should delete the last character on DEL" time="0.0002483">
        </testcase>
        <testcase classname="app_testcases/calculator.test.ts" name="calculator logic &gt; should handle invalid expressions" time="0.00032">
        </testcase>
        <testcase classname="app_testcases/calculator.test.ts" name="calculator logic &gt; should not allow starting with a special character" time="0.000304">
        </testcase>
        <testcase classname="app_testcases/calculator.test.ts" name="calculator logic &gt; should append numbers and operators" time="0.0003458">
        </testcase>
    </testsuite>
    <testsuite name="app_testcases/math_operations.test.ts" timestamp="2026-02-28T12:09:34.617Z" hostname="Gangasai_kumar" tests="8" failures="0" errors="0" skipped="0" time="0.0106694">
        <testcase classname="app_testcases/math_operations.test.ts" name="Multiplication and Division operations &gt; Multiplication &gt; should multiply two positive numbers" time="0.0039385">
        </testcase>
        <testcase classname="app_testcases/math_operations.test.ts" name="Multiplication and Division operations &gt; Multiplication &gt; should multiply positive and negative numbers" time="0.0005003">
        </testcase>
        <testcase classname="app_testcases/math_operations.test.ts" name="Multiplication and Division operations &gt; Multiplication &gt; should multiply two decimal numbers" time="0.0003787">
        </testcase>
        <testcase classname="app_testcases/math_operations.test.ts" name="Multiplication and Division operations &gt; Multiplication &gt; should handle multiplication by zero" time="0.0003677">
        </testcase>
        <testcase classname="app_testcases/math_operations.test.ts" name="Multiplication and Division operations &gt; Division &gt; should divide two positive numbers" time="0.0003715">
        </testcase>
        <testcase classname="app_testcases/math_operations.test.ts" name="Multiplication and Division operations &gt; Division &gt; should divide to result in a decimal" time="0.0004226">
        </testcase>
        <testcase classname="app_testcases/math_operations.test.ts" name="Multiplication and Division operations &gt; Division &gt; should handle division by zero" time="0.0002864">
        </testcase>
        <testcase classname="app_testcases/math_operations.test.ts" name="Multiplication and Division operations &gt; Division &gt; should handle negative division" time="0.0003994">
        </testcase>
    </testsuite>
</testsuites>
