<?xml version="1.0" ?>
<!DOCTYPE coverage SYSTEM "http://cobertura.sourceforge.net/xml/coverage-04.dtd">
<coverage lines-valid="13" lines-covered="13" line-rate="1" branches-valid="12" branches-covered="12" branch-rate="1" timestamp="1772266843100" complexity="0" version="0.1">
  <sources>
    <source>C:/Users/ganga/OneDrive/Desktop/gitlab test/SimpleCalculator</source>
  </sources>
  <packages>
    <package name="main" line-rate="1" branch-rate="1">
      <classes>
        <class name="calculator.ts" filename="src\utils\calculator.ts" line-rate="1" branch-rate="1">
          <methods>
            <method name="(anonymous_0)" hits="11" signature="()V">
              <lines>
                <line number="3" hits="11"/>
              </lines>
            </method>
          </methods>
          <lines>
            <line number="1" hits="1" branch="false"/>
            <line number="3" hits="1" branch="false"/>
            <line number="7" hits="11" branch="true" condition-coverage="100% (4/4)"/>
            <line number="8" hits="6" branch="false"/>
            <line number="12" hits="6" branch="false"/>
            <line number="13" hits="6" branch="false"/>
            <line number="15" hits="1" branch="false"/>
            <line number="17" hits="5" branch="true" condition-coverage="100% (2/2)"/>
            <line number="18" hits="1" branch="false"/>
            <line number="19" hits="4" branch="true" condition-coverage="100% (2/2)"/>
            <line number="20" hits="1" branch="false"/>
            <line number="22" hits="3" branch="true" condition-coverage="100% (4/4)"/>
            <line number="23" hits="2" branch="false"/>
          </lines>
        </class>
      </classes>
    </package>
  </packages>
</coverage>
