{"C:\\Users\\ganga\\OneDrive\\Desktop\\gitlab test\\SimpleCalculator\\src\\utils\\calculator.ts": {"path":"C:\\Users\\ganga\\OneDrive\\Desktop\\gitlab test\\SimpleCalculator\\src\\utils\\calculator.ts","statementMap":{"0":{"start":{"line":1,"column":28},"end":{"line":1,"column":null}},"1":{"start":{"line":3,"column":31},"end":{"line":25,"column":null}},"2":{"start":{"line":7,"column":2},"end":{"line":24,"column":null}},"3":{"start":{"line":8,"column":4},"end":{"line":16,"column":null}},"4":{"start":{"line":12,"column":34},"end":{"line":12,"column":null}},"5":{"start":{"line":13,"column":6},"end":{"line":13,"column":null}},"6":{"start":{"line":15,"column":6},"end":{"line":15,"column":null}},"7":{"start":{"line":17,"column":9},"end":{"line":24,"column":null}},"8":{"start":{"line":18,"column":4},"end":{"line":18,"column":null}},"9":{"start":{"line":19,"column":9},"end":{"line":24,"column":null}},"10":{"start":{"line":20,"column":4},"end":{"line":20,"column":null}},"11":{"start":{"line":22,"column":4},"end":{"line":22,"column":null}},"12":{"start":{"line":22,"column":62},"end":{"line":22,"column":null}},"13":{"start":{"line":23,"column":4},"end":{"line":23,"column":null}}},"fnMap":{"0":{"name":"(anonymous_0)","decl":{"start":{"line":3,"column":31},"end":{"line":3,"column":null}},"loc":{"start":{"line":5,"column":2},"end":{"line":25,"column":null}},"line":5}},"branchMap":{"0":{"loc":{"start":{"line":7,"column":2},"end":{"line":24,"column":null}},"type":"if","locations":[{"start":{"line":7,"column":2},"end":{"line":24,"column":null}},{"start":{"line":17,"column":9},"end":{"line":24,"column":null}}],"line":7},"1":{"loc":{"start":{"line":7,"column":6},"end":{"line":7,"column":45}},"type":"binary-expr","locations":[{"start":{"line":7,"column":6},"end":{"line":7,"column":26}},{"start":{"line":7,"column":26},"end":{"line":7,"column":45}}],"line":7},"2":{"loc":{"start":{"line":17,"column":9},"end":{"line":24,"column":null}},"type":"if","locations":[{"start":{"line":17,"column":9},"end":{"line":24,"column":null}},{"start":{"line":19,"column":9},"end":{"line":24,"column":null}}],"line":17},"3":{"loc":{"start":{"line":19,"column":9},"end":{"line":24,"column":null}},"type":"if","locations":[{"start":{"line":19,"column":9},"end":{"line":24,"column":null}},{"start":{"line":21,"column":9},"end":{"line":24,"column":null}}],"line":19},"4":{"loc":{"start":{"line":22,"column":4},"end":{"line":22,"column":null}},"type":"if","locations":[{"start":{"line":22,"column":4},"end":{"line":22,"column":null}},{"start":{},"end":{}}],"line":22},"5":{"loc":{"start":{"line":22,"column":8},"end":{"line":22,"column":62}},"type":"binary-expr","locations":[{"start":{"line":22,"column":8},"end":{"line":22,"column":29}},{"start":{"line":22,"column":29},"end":{"line":22,"column":62}}],"line":22}},"s":{"0":1,"1":1,"2":11,"3":6,"4":6,"5":6,"6":1,"7":5,"8":1,"9":4,"10":1,"11":3,"12":1,"13":2},"f":{"0":11},"b":{"0":[6,5],"1":[11,6],"2":[1,4],"3":[1,3],"4":[1,2],"5":[3,1]},"meta":{"lastBranch":6,"lastFunction":1,"lastStatement":14,"seen":{"s:1:28:1:Infinity":0,"s:3:31:25:Infinity":1,"f:3:31:3:Infinity":0,"b:7:2:24:Infinity:17:9:24:Infinity":0,"s:7:2:24:Infinity":2,"b:7:6:7:26:7:26:7:45":1,"s:8:4:16:Infinity":3,"s:12:34:12:Infinity":4,"s:13:6:13:Infinity":5,"s:15:6:15:Infinity":6,"b:17:9:24:Infinity:19:9:24:Infinity":2,"s:17:9:24:Infinity":7,"s:18:4:18:Infinity":8,"b:19:9:24:Infinity:21:9:24:Infinity":3,"s:19:9:24:Infinity":9,"s:20:4:20:Infinity":10,"b:22:4:22:Infinity:undefined:undefined:undefined:undefined":4,"s:22:4:22:Infinity":11,"b:22:8:22:29:22:29:22:62":5,"s:22:62:22:Infinity":12,"s:23:4:23:Infinity":13}}}
}
