{"C:\\Users\\ganga\\OneDrive\\Desktop\\gitlab test\\SimpleCalculator\\src\\App.css": {"path":"C:\\Users\\ganga\\OneDrive\\Desktop\\gitlab test\\SimpleCalculator\\src\\App.css","statementMap":{},"fnMap":{},"branchMap":{},"s":{},"f":{},"b":{},"meta":{"lastBranch":0,"lastFunction":0,"lastStatement":0,"seen":{}}}
,"C:\\Users\\ganga\\OneDrive\\Desktop\\gitlab test\\SimpleCalculator\\src\\App.tsx": {"path":"C:\\Users\\ganga\\OneDrive\\Desktop\\gitlab test\\SimpleCalculator\\src\\App.tsx","statementMap":{"0":{"start":{"line":6,"column":22},"end":{"line":51,"column":null}},"1":{"start":{"line":7,"column":27},"end":{"line":7,"column":null}},"2":{"start":{"line":9,"column":20},"end":{"line":12,"column":null}},"3":{"start":{"line":10,"column":10},"end":{"line":10,"column":null}},"4":{"start":{"line":11,"column":4},"end":{"line":11,"column":null}},"5":{"start":{"line":14,"column":2},"end":{"line":41,"column":null}},"6":{"start":{"line":39,"column":20},"end":{"line":41,"column":null}},"7":{"start":{"line":43,"column":27},"end":{"line":43,"column":null}}},"fnMap":{"0":{"name":"(anonymous_0)","decl":{"start":{"line":6,"column":22},"end":{"line":6,"column":null}},"loc":{"start":{"line":6,"column":22},"end":{"line":51,"column":null}},"line":6},"1":{"name":"(anonymous_1)","decl":{"start":{"line":9,"column":20},"end":{"line":9,"column":21}},"loc":{"start":{"line":9,"column":21},"end":{"line":12,"column":null}},"line":9},"2":{"name":"(anonymous_2)","decl":{"start":{"line":39,"column":14},"end":{"line":39,"column":15}},"loc":{"start":{"line":39,"column":20},"end":{"line":41,"column":null}},"line":39},"3":{"name":"(anonymous_3)","decl":{"start":{"line":43,"column":21},"end":{"line":43,"column":27}},"loc":{"start":{"line":43,"column":27},"end":{"line":43,"column":null}},"line":43}},"branchMap":{"0":{"loc":{"start":{"line":42,"column":23},"end":{"line":42,"column":null}},"type":"binary-expr","locations":[{"start":{"line":42,"column":23},"end":{"line":42,"column":36}},{"start":{"line":42,"column":40},"end":{"line":42,"column":null}}],"line":42}},"s":{"0":1,"1":21,"2":21,"3":15,"4":15,"5":21,"6":420,"7":15},"f":{"0":21,"1":15,"2":420,"3":15},"b":{"0":[420,252]},"meta":{"lastBranch":1,"lastFunction":4,"lastStatement":8,"seen":{"s:6:22:51:Infinity":0,"f:6:22:6:Infinity":0,"s:7:27:7:Infinity":1,"s:9:20:12:Infinity":2,"f:9:20:9:21":1,"s:10:10:10:Infinity":3,"s:11:4:11:Infinity":4,"s:14:2:41:Infinity":5,"f:39:14:39:15":2,"s:39:20:41:Infinity":6,"b:42:23:42:36:42:40:42:Infinity":0,"f:43:21:43:27":3,"s:43:27:43:Infinity":7}}}
,"C:\\Users\\ganga\\OneDrive\\Desktop\\gitlab test\\SimpleCalculator\\src\\utils\\calculator.ts": {"path":"C:\\Users\\ganga\\OneDrive\\Desktop\\gitlab test\\SimpleCalculator\\src\\utils\\calculator.ts","statementMap":{"0":{"start":{"line":1,"column":28},"end":{"line":1,"column":null}},"1":{"start":{"line":3,"column":31},"end":{"line":25,"column":null}},"2":{"start":{"line":7,"column":2},"end":{"line":24,"column":null}},"3":{"start":{"line":8,"column":4},"end":{"line":16,"column":null}},"4":{"start":{"line":12,"column":34},"end":{"line":12,"column":null}},"5":{"start":{"line":13,"column":6},"end":{"line":13,"column":null}},"6":{"start":{"line":15,"column":6},"end":{"line":15,"column":null}},"7":{"start":{"line":17,"column":9},"end":{"line":24,"column":null}},"8":{"start":{"line":18,"column":4},"end":{"line":18,"column":null}},"9":{"start":{"line":19,"column":9},"end":{"line":24,"column":null}},"10":{"start":{"line":20,"column":4},"end":{"line":20,"column":null}},"11":{"start":{"line":22,"column":4},"end":{"line":22,"column":null}},"12":{"start":{"line":22,"column":62},"end":{"line":22,"column":null}},"13":{"start":{"line":23,"column":4},"end":{"line":23,"column":null}}},"fnMap":{"0":{"name":"(anonymous_0)","decl":{"start":{"line":3,"column":31},"end":{"line":3,"column":null}},"loc":{"start":{"line":5,"column":2},"end":{"line":25,"column":null}},"line":5}},"branchMap":{"0":{"loc":{"start":{"line":7,"column":2},"end":{"line":24,"column":null}},"type":"if","locations":[{"start":{"line":7,"column":2},"end":{"line":24,"column":null}},{"start":{"line":17,"column":9},"end":{"line":24,"column":null}}],"line":7},"1":{"loc":{"start":{"line":7,"column":6},"end":{"line":7,"column":45}},"type":"binary-expr","locations":[{"start":{"line":7,"column":6},"end":{"line":7,"column":26}},{"start":{"line":7,"column":26},"end":{"line":7,"column":45}}],"line":7},"2":{"loc":{"start":{"line":17,"column":9},"end":{"line":24,"column":null}},"type":"if","locations":[{"start":{"line":17,"column":9},"end":{"line":24,"column":null}},{"start":{"line":19,"column":9},"end":{"line":24,"column":null}}],"line":17},"3":{"loc":{"start":{"line":19,"column":9},"end":{"line":24,"column":null}},"type":"if","locations":[{"start":{"line":19,"column":9},"end":{"line":24,"column":null}},{"start":{"line":21,"column":9},"end":{"line":24,"column":null}}],"line":19},"4":{"loc":{"start":{"line":22,"column":4},"end":{"line":22,"column":null}},"type":"if","locations":[{"start":{"line":22,"column":4},"end":{"line":22,"column":null}},{"start":{},"end":{}}],"line":22},"5":{"loc":{"start":{"line":22,"column":8},"end":{"line":22,"column":62}},"type":"binary-expr","locations":[{"start":{"line":22,"column":8},"end":{"line":22,"column":29}},{"start":{"line":22,"column":29},"end":{"line":22,"column":62}}],"line":22}},"s":{"0":3,"1":3,"2":34,"3":16,"4":16,"5":16,"6":2,"7":18,"8":2,"9":16,"10":2,"11":14,"12":1,"13":13},"f":{"0":34},"b":{"0":[16,18],"1":[34,16],"2":[2,16],"3":[2,14],"4":[1,13],"5":[14,6]},"meta":{"lastBranch":6,"lastFunction":1,"lastStatement":14,"seen":{"s:1:28:1:Infinity":0,"s:3:31:25:Infinity":1,"f:3:31:3:Infinity":0,"b:7:2:24:Infinity:17:9:24:Infinity":0,"s:7:2:24:Infinity":2,"b:7:6:7:26:7:26:7:45":1,"s:8:4:16:Infinity":3,"s:12:34:12:Infinity":4,"s:13:6:13:Infinity":5,"s:15:6:15:Infinity":6,"b:17:9:24:Infinity:19:9:24:Infinity":2,"s:17:9:24:Infinity":7,"s:18:4:18:Infinity":8,"b:19:9:24:Infinity:21:9:24:Infinity":3,"s:19:9:24:Infinity":9,"s:20:4:20:Infinity":10,"b:22:4:22:Infinity:undefined:undefined:undefined:undefined":4,"s:22:4:22:Infinity":11,"b:22:8:22:29:22:29:22:62":5,"s:22:62:22:Infinity":12,"s:23:4:23:Infinity":13}}}
}
